Sender: LSF System <lsfadmin@gpu20>
Subject: Job 444868: <WAEGAN_x3> in cluster <platform> Exited

Job <WAEGAN_x3> was submitted from host <login01> by user <zfyang> in cluster <platform> at Sat Dec 17 21:11:04 2022
Job was executed on host(s) <gpu20>, in queue <gpu2>, as user <zfyang> in cluster <platform> at Sat Dec 17 21:10:43 2022
</data/home/zfyang> was used as the home directory.
</data/home/zfyang/home/hfgao/BasicSR> was used as the working directory.
Started at Sat Dec 17 21:10:43 2022
Terminated at Sat Dec 17 21:24:55 2022
Results reported at Sat Dec 17 21:24:55 2022

Your job looked like:

------------------------------------------------------------
# LSBATCH: User input
#!/bin/sh
#BSUB -gpu "num=1:mode=exclusive_process"
#BSUB -n 1
#BSUB -q gpu2
#BSUB -o WAEGAN_x3.out
#BSUB -e WAEGAN_x3.err
#BSUB -J WAEGAN_x3
python basicsr/train.py -opt options/train/waegan/train_WAEGAN_x3.yml

------------------------------------------------------------

TERM_OWNER: job killed by owner.
Exited with exit code 130.

Resource usage summary:

    CPU time :                                   1077.43 sec.
    Max Memory :                                 4706 MB
    Average Memory :                             4250.64 MB
    Total Requested Memory :                     -
    Delta Memory :                               -
    Max Swap :                                   -
    Max Processes :                              36
    Max Threads :                                120
    Run time :                                   852 sec.
    Turnaround time :                            831 sec.

The output (if any) follows:

Disable distributed.
Name UNetDiscriminatorSN is not found, use name: UNetDiscriminatorSN_basicsr!
Name UNetDiscriminatorSN is not found, use name: UNetDiscriminatorSN_basicsr!


PS:

Read file <WAEGAN_x3.err> for stderr output of this job.

